<?xml version="1.0" encoding="UTF-8"?>
<!-- Generated by org.testng.reporters.JUnitReportReporter -->
<testsuite hostname="DESKTOP-O14Q2O8" failures="0" tests="1" name="TestNGAnnotation.DemoTours" time="23.567" errors="0" timestamp="08 Aug 2019 16:04:23 GMT" skipped="0">
  <testcase classname="TestNGAnnotation.DemoTours" name="loginTours" time="23.567"/>
</testsuite> <!-- TestNGAnnotation.DemoTours -->
