<?xml version="1.0" encoding="UTF-8"?>
<!-- Generated by org.testng.reporters.JUnitReportReporter -->
<testsuite hostname="DESKTOP-O14Q2O8" failures="0" tests="3" name="TestDemoFirst.FirstDemo" time="0.000" errors="0" timestamp="03 Jun 2019 08:51:52 GMT" skipped="0">
  <testcase classname="TestDemoFirst.FirstDemo" name="toCheckTitle" time="0.000"/>
  <testcase classname="TestDemoFirst.FirstDemo" name="TC_09" time="0.000"/>
  <testcase classname="TestDemoFirst.FirstDemo" name="TC_10" time="0.000"/>
</testsuite> <!-- TestDemoFirst.FirstDemo -->
