<?xml version="1.0" encoding="UTF-8"?>
<!-- Generated by org.testng.reporters.JUnitReportReporter -->
<testsuite hostname="DESKTOP-O14Q2O8" failures="0" tests="1" name="AcessSecure.CaCertDemo" time="10.202" errors="0" timestamp="18 Jun 2019 12:52:47 GMT" skipped="0">
  <testcase classname="AcessSecure.CaCertDemo" name="openUrl" time="10.202"/>
</testsuite> <!-- AcessSecure.CaCertDemo -->
