<?xml version="1.0" encoding="UTF-8"?>
<!-- Generated by org.testng.reporters.JUnitReportReporter -->
<testsuite hostname="DESKTOP-O14Q2O8" failures="0" tests="3" name="PointOfInterview.TestDemo" time="0.016" errors="0" timestamp="06 Aug 2019 10:25:40 GMT" skipped="0">
  <testcase classname="PointOfInterview.TestDemo" name="test" time="0.009"/>
  <testcase classname="PointOfInterview.TestDemo" name="test56" time="0.002"/>
  <testcase classname="PointOfInterview.TestDemo" name="test26" time="0.005"/>
</testsuite> <!-- PointOfInterview.TestDemo -->
