<?xml version="1.0" encoding="UTF-8"?>
<!-- Generated by org.testng.reporters.JUnitReportReporter -->
<testsuite hostname="DESKTOP-O14Q2O8" failures="0" tests="4" name="TestDemoFirst.Passparemeter" time="0.019" errors="0" timestamp="28 Jul 2019 05:35:05 GMT" skipped="0">
  <testcase classname="TestDemoFirst.Passparemeter" name="m3" time="0.004"/>
  <testcase classname="TestDemoFirst.Passparemeter" name="m2" time="0.002"/>
  <testcase classname="TestDemoFirst.Passparemeter" name="m1" time="0.012"/>
  <testcase classname="TestDemoFirst.Passparemeter" name="m4" time="0.001"/>
</testsuite> <!-- TestDemoFirst.Passparemeter -->
