<?xml version="1.0" encoding="UTF-8"?>
<!-- Generated by org.testng.reporters.JUnitReportReporter -->
<testsuite hostname="DESKTOP-O14Q2O8" failures="0" tests="4" name="TestPracticeAutomation.TestAutomationPractice" time="91.020" errors="0" timestamp="01 Aug 2019 17:11:00 GMT" skipped="0">
  <testcase classname="TestPracticeAutomation.TestAutomationPractice" name="performCalenderAction" time="84.816"/>
  <testcase classname="TestPracticeAutomation.TestAutomationPractice" name="clcikFirstCalender" time="3.112"/>
  <testcase classname="TestPracticeAutomation.TestAutomationPractice" name="clickSecondCalender" time="2.878"/>
  <testcase classname="TestPracticeAutomation.TestAutomationPractice" name="selectTraveler" time="0.214"/>
</testsuite> <!-- TestPracticeAutomation.TestAutomationPractice -->
