<?xml version="1.0" encoding="UTF-8"?>
<!-- Generated by org.testng.reporters.JUnitReportReporter -->
<testsuite hostname="DESKTOP-O14Q2O8" failures="0" tests="8" name="TestDemoFirst.DataProviderDemo" time="0.040" errors="0" timestamp="16 Jun 2019 03:22:06 GMT" skipped="0">
  <testcase classname="TestDemoFirst.DataProviderDemo" name="test02" time="0.016"/>
  <testcase classname="TestDemoFirst.DataProviderDemo" name="test01" time="0.000"/>
  <testcase classname="TestDemoFirst.DataProviderDemo" name="test02" time="0.000"/>
  <testcase classname="TestDemoFirst.DataProviderDemo" name="test02" time="0.000"/>
  <testcase classname="TestDemoFirst.DataProviderDemo" name="test01" time="0.024"/>
  <testcase classname="TestDemoFirst.DataProviderDemo" name="test01" time="0.000"/>
  <testcase classname="TestDemoFirst.DataProviderDemo" name="test01" time="0.000"/>
  <testcase classname="TestDemoFirst.DataProviderDemo" name="test02" time="0.000"/>
</testsuite> <!-- TestDemoFirst.DataProviderDemo -->
