<?xml version="1.0" encoding="UTF-8"?>
<!-- Generated by org.testng.reporters.JUnitReportReporter -->
<testsuite hostname="DESKTOP-O14Q2O8" failures="0" tests="3" name="TestDemoFirst.ClassB" time="0.007" errors="0" timestamp="08 Jun 2019 03:27:45 GMT" skipped="0">
  <testcase classname="TestDemoFirst.ClassB" name="m5" time="0.003"/>
  <testcase classname="TestDemoFirst.ClassB" name="m4" time="0.002"/>
  <testcase classname="TestDemoFirst.ClassB" name="m2" time="0.002"/>
</testsuite> <!-- TestDemoFirst.ClassB -->
