<?xml version="1.0" encoding="UTF-8"?>
<!-- Generated by org.testng.reporters.JUnitReportReporter -->
<testsuite hostname="DESKTOP-O14Q2O8" failures="0" tests="1" name="DataDriven.ReadXLXSFile" time="0.722" errors="0" timestamp="24 Jul 2019 09:29:12 GMT" skipped="0">
  <testcase classname="DataDriven.ReadXLXSFile" name="ReadXLXSFil" time="0.722"/>
</testsuite> <!-- DataDriven.ReadXLXSFile -->
