<?xml version="1.0" encoding="UTF-8"?>
<!-- Generated by org.testng.reporters.JUnitReportReporter -->
<testsuite hostname="DESKTOP-O14Q2O8" failures="0" tests="3" name="MakeMyTrip.Login" time="16.858" errors="0" timestamp="17 Aug 2019 17:08:32 GMT" skipped="0">
  <testcase classname="MakeMyTrip.Login" name="login" time="8.535"/>
  <testcase classname="MakeMyTrip.Login" name="doubleTrip" time="7.330"/>
  <testcase classname="MakeMyTrip.Login" name="calender" time="0.993"/>
</testsuite> <!-- MakeMyTrip.Login -->
