<?xml version="1.0" encoding="UTF-8"?>
<!-- Generated by org.testng.reporters.JUnitReportReporter -->
<testsuite hostname="DESKTOP-O14Q2O8" failures="0" tests="1" name="Practice.TestDemo" time="0.006" errors="0" timestamp="17 Aug 2019 07:49:24 GMT" skipped="0">
  <testcase classname="Practice.TestDemo" name="m1" time="0.006"/>
</testsuite> <!-- Practice.TestDemo -->
