<?xml version="1.0" encoding="UTF-8"?>
<!-- Generated by org.testng.reporters.JUnitReportReporter -->
<testsuite hostname="DESKTOP-O14Q2O8" failures="0" tests="24" name="TestDemoFirst.ClassC" time="0.091" errors="0" timestamp="10 Jun 2019 05:16:40 GMT" skipped="0">
  <testcase classname="TestDemoFirst.ClassC" name="m3" time="0.005"/>
  <testcase classname="TestDemoFirst.ClassC" name="m3" time="0.002"/>
  <testcase classname="TestDemoFirst.ClassC" name="m3" time="0.003"/>
  <testcase classname="TestDemoFirst.ClassC" name="m3" time="0.010"/>
  <testcase classname="TestDemoFirst.ClassC" name="m5" time="0.001"/>
  <testcase classname="TestDemoFirst.ClassC" name="m3" time="0.003"/>
  <testcase classname="TestDemoFirst.ClassC" name="m3" time="0.007"/>
  <testcase classname="TestDemoFirst.ClassC" name="m3" time="0.001"/>
  <testcase classname="TestDemoFirst.ClassC" name="m3" time="0.001"/>
  <testcase classname="TestDemoFirst.ClassC" name="m3" time="0.006"/>
  <testcase classname="TestDemoFirst.ClassC" name="m3" time="0.002"/>
  <testcase classname="TestDemoFirst.ClassC" name="m3" time="0.003"/>
  <testcase classname="TestDemoFirst.ClassC" name="m3" time="0.002"/>
  <testcase classname="TestDemoFirst.ClassC" name="m2" time="0.006"/>
  <testcase classname="TestDemoFirst.ClassC" name="m3" time="0.001"/>
  <testcase classname="TestDemoFirst.ClassC" name="m1" time="0.001"/>
  <testcase classname="TestDemoFirst.ClassC" name="m3" time="0.022"/>
  <testcase classname="TestDemoFirst.ClassC" name="m3" time="0.002"/>
  <testcase classname="TestDemoFirst.ClassC" name="m3" time="0.003"/>
  <testcase classname="TestDemoFirst.ClassC" name="m4" time="0.001"/>
  <testcase classname="TestDemoFirst.ClassC" name="m3" time="0.003"/>
  <testcase classname="TestDemoFirst.ClassC" name="m3" time="0.003"/>
  <testcase classname="TestDemoFirst.ClassC" name="m3" time="0.002"/>
  <testcase classname="TestDemoFirst.ClassC" name="m3" time="0.001"/>
</testsuite> <!-- TestDemoFirst.ClassC -->
