<?xml version="1.0" encoding="UTF-8"?>
<!-- Generated by org.testng.reporters.JUnitReportReporter -->
<testsuite hostname="DESKTOP-O14Q2O8" failures="0" tests="2" name="TestDemoFirst.C" time="0.030" errors="0" timestamp="28 Jul 2019 06:24:00 GMT" skipped="0">
  <testcase classname="TestDemoFirst.C" name="m3" time="0.027"/>
  <testcase classname="TestDemoFirst.C" name="m5" time="0.003"/>
</testsuite> <!-- TestDemoFirst.C -->
