<?xml version="1.0" encoding="UTF-8"?>
<!-- Generated by org.testng.reporters.JUnitReportReporter -->
<testsuite hostname="DESKTOP-O14Q2O8" failures="0" tests="4" name="Practice.QAAutomation" time="17.688" errors="0" timestamp="17 Aug 2019 09:24:06 GMT" skipped="0">
  <testcase classname="Practice.QAAutomation" name="login" time="12.321"/>
  <testcase classname="Practice.QAAutomation" name="doubleclick" time="2.261"/>
  <testcase classname="Practice.QAAutomation" name="dragAndDrop" time="2.355"/>
  <testcase classname="Practice.QAAutomation" name="moveJonAndMerry" time="0.751"/>
</testsuite> <!-- Practice.QAAutomation -->
