<?xml version="1.0" encoding="UTF-8"?>
<!-- Generated by org.testng.reporters.JUnitReportReporter -->
<testsuite hostname="DESKTOP-O14Q2O8" failures="0" tests="4" name="DataProviderDemo.DataproviderDemoFirst" time="5.603" errors="0" timestamp="06 Aug 2019 11:54:49 GMT" skipped="0">
  <testcase classname="DataProviderDemo.DataproviderDemoFirst" name="test" time="0.359"/>
  <testcase classname="DataProviderDemo.DataproviderDemoFirst" name="test" time="0.187"/>
  <testcase classname="DataProviderDemo.DataproviderDemoFirst" name="openUrl" time="4.812"/>
  <testcase classname="DataProviderDemo.DataproviderDemoFirst" name="test" time="0.245"/>
</testsuite> <!-- DataProviderDemo.DataproviderDemoFirst -->
