<?xml version="1.0" encoding="UTF-8"?>
<!-- Generated by org.testng.reporters.JUnitReportReporter -->
<testsuite hostname="DESKTOP-O14Q2O8" failures="0" tests="1" name="TestDemoFirst.D" time="0.006" errors="0" timestamp="28 Jul 2019 06:24:00 GMT" skipped="0">
  <testcase classname="TestDemoFirst.D" name="m13" time="0.006"/>
</testsuite> <!-- TestDemoFirst.D -->
