<?xml version="1.0" encoding="UTF-8"?>
<!-- Generated by org.testng.reporters.JUnitReportReporter -->
<testsuite hostname="DESKTOP-O14Q2O8" failures="0" tests="4" name="DataProviderDemo.DataproviderDemoFirst" time="0.014" errors="0" timestamp="17 Jun 2019 08:35:18 GMT" skipped="0">
  <testcase classname="DataProviderDemo.DataproviderDemoFirst" name="test" time="0.001"/>
  <testcase classname="DataProviderDemo.DataproviderDemoFirst" name="test" time="0.002"/>
  <testcase classname="DataProviderDemo.DataproviderDemoFirst" name="test" time="0.001"/>
  <testcase classname="DataProviderDemo.DataproviderDemoFirst" name="openUrl" time="0.010"/>
</testsuite> <!-- DataProviderDemo.DataproviderDemoFirst -->
