<?xml version="1.0" encoding="UTF-8"?>
<!-- Generated by org.testng.reporters.JUnitReportReporter -->
<testsuite hostname="DESKTOP-O14Q2O8" failures="0" tests="1" name="DataDriven.XLFileReader" time="0.833" errors="0" timestamp="04 Aug 2019 10:03:13 GMT" skipped="0">
  <testcase classname="DataDriven.XLFileReader" name="radXl" time="0.833"/>
</testsuite> <!-- DataDriven.XLFileReader -->
