<?xml version="1.0" encoding="UTF-8"?>
<!-- Generated by org.testng.reporters.JUnitReportReporter -->
<testsuite hostname="DESKTOP-O14Q2O8" failures="0" tests="5" name="TestDemoFirst.PrioDemo" time="0.011" errors="0" timestamp="04 Jun 2019 08:41:36 GMT" skipped="3">
  <testcase classname="TestDemoFirst.PrioDemo" name="m3" time="0.010"/>
  <testcase classname="TestDemoFirst.PrioDemo" name="m2" time="0.001"/>
  <testcase classname="TestDemoFirst.PrioDemo" name="m5">
    <skipped/>
  </testcase> <!-- m5 -->
  <testcase classname="TestDemoFirst.PrioDemo" name="m4">
    <skipped/>
  </testcase> <!-- m4 -->
  <testcase classname="TestDemoFirst.PrioDemo" name="m1">
    <skipped/>
  </testcase> <!-- m1 -->
</testsuite> <!-- TestDemoFirst.PrioDemo -->
