<?xml version="1.0" encoding="UTF-8"?>
<!-- Generated by org.testng.reporters.JUnitReportReporter -->
<testsuite hostname="DESKTOP-O14Q2O8" failures="0" tests="2" name="ClearTrip.Register" time="24.952" errors="0" timestamp="17 Jun 2019 06:16:29 GMT" skipped="0">
  <testcase classname="ClearTrip.Register" name="toOpenBrowser" time="14.693"/>
  <testcase classname="ClearTrip.Register" name="register" time="10.259"/>
</testsuite> <!-- ClearTrip.Register -->
