<?xml version="1.0" encoding="UTF-8"?>
<!-- Generated by org.testng.reporters.JUnitReportReporter -->
<testsuite hostname="DESKTOP-O14Q2O8" failures="0" tests="2" name="AmaZon.AmaZonFirst" time="62.596" errors="0" timestamp="15 Jun 2019 04:34:12 GMT" skipped="0">
  <testcase classname="AmaZon.AmaZonFirst" name="openWebsite" time="37.478"/>
  <testcase classname="AmaZon.AmaZonFirst" name="searchProduct" time="25.118"/>
</testsuite> <!-- AmaZon.AmaZonFirst -->
